2026-02-05 09:25:40.291952: CRITICAL ERROR IN INDEX: Could not build url for endpoint 'reception_chat'. Did you mean 'reception_cashier' instead?
Traceback (most recent call last):
  File "F:\Sistema Almareia Mirapraia\app.py", line 1540, in index
    return render_template(
        'index.html',
    ...<13 lines>...
        rh_docs_pending=rh_docs_pending
    )
  File "C:\Users\Angelo Diamante\AppData\Local\Python\pythoncore-3.14-64\Lib\site-packages\flask\templating.py", line 150, in render_template
    return _render(app, template, context)
  File "C:\Users\Angelo Diamante\AppData\Local\Python\pythoncore-3.14-64\Lib\site-packages\flask\templating.py", line 131, in _render
    rv = template.render(context)
  File "C:\Users\Angelo Diamante\AppData\Local\Python\pythoncore-3.14-64\Lib\site-packages\jinja2\environment.py", line 1295, in render
    self.environment.handle_exception()
    ~~~~~~~~~~~~~~~~~~~~~~~~~~~~~~~~~^^
  File "C:\Users\Angelo Diamante\AppData\Local\Python\pythoncore-3.14-64\Lib\site-packages\jinja2\environment.py", line 942, in handle_exception
    raise rewrite_traceback_stack(source=source)
  File "F:\Sistema Almareia Mirapraia\templates\index.html", line 1, in top-level template code
    {% extends 'base.html' %}
  File "F:\Sistema Almareia Mirapraia\templates\base.html", line 49, in top-level template code
    <li><a href="{{ url_for('reception_chat') }}">Chat WhatsApp</a></li>
    ^
  File "C:\Users\Angelo Diamante\AppData\Local\Python\pythoncore-3.14-64\Lib\site-packages\flask\app.py", line 1121, in url_for
    return self.handle_url_build_error(error, endpoint, values)
           ~~~~~~~~~~~~~~~~~~~~~~~~~~~^^^^^^^^^^^^^^^^^^^^^^^^^
  File "C:\Users\Angelo Diamante\AppData\Local\Python\pythoncore-3.14-64\Lib\site-packages\flask\app.py", line 1110, in url_for
    rv = url_adapter.build(  # type: ignore[union-attr]
        endpoint,
    ...<3 lines>...
        force_external=_external,
    )
  File "C:\Users\Angelo Diamante\AppData\Local\Python\pythoncore-3.14-64\Lib\site-packages\werkzeug\routing\map.py", line 924, in build
    raise BuildError(endpoint, values, method, self)
werkzeug.routing.exceptions.BuildError: Could not build url for endpoint 'reception_chat'. Did you mean 'reception_cashier' instead?

2026-02-05 09:25:41.836240: CRITICAL ERROR IN INDEX: Could not build url for endpoint 'reception_chat'. Did you mean 'reception_cashier' instead?
Traceback (most recent call last):
  File "F:\Sistema Almareia Mirapraia\app.py", line 1540, in index
    return render_template(
        'index.html',
    ...<13 lines>...
        rh_docs_pending=rh_docs_pending
    )
  File "C:\Users\Angelo Diamante\AppData\Local\Python\pythoncore-3.14-64\Lib\site-packages\flask\templating.py", line 150, in render_template
    return _render(app, template, context)
  File "C:\Users\Angelo Diamante\AppData\Local\Python\pythoncore-3.14-64\Lib\site-packages\flask\templating.py", line 131, in _render
    rv = template.render(context)
  File "C:\Users\Angelo Diamante\AppData\Local\Python\pythoncore-3.14-64\Lib\site-packages\jinja2\environment.py", line 1295, in render
    self.environment.handle_exception()
    ~~~~~~~~~~~~~~~~~~~~~~~~~~~~~~~~~^^
  File "C:\Users\Angelo Diamante\AppData\Local\Python\pythoncore-3.14-64\Lib\site-packages\jinja2\environment.py", line 942, in handle_exception
    raise rewrite_traceback_stack(source=source)
  File "F:\Sistema Almareia Mirapraia\templates\index.html", line 1, in top-level template code
    {% extends 'base.html' %}
  File "F:\Sistema Almareia Mirapraia\templates\base.html", line 49, in top-level template code
    <li><a href="{{ url_for('reception_chat') }}">Chat WhatsApp</a></li>
    ^
  File "C:\Users\Angelo Diamante\AppData\Local\Python\pythoncore-3.14-64\Lib\site-packages\flask\app.py", line 1121, in url_for
    return self.handle_url_build_error(error, endpoint, values)
           ~~~~~~~~~~~~~~~~~~~~~~~~~~~^^^^^^^^^^^^^^^^^^^^^^^^^
  File "C:\Users\Angelo Diamante\AppData\Local\Python\pythoncore-3.14-64\Lib\site-packages\flask\app.py", line 1110, in url_for
    rv = url_adapter.build(  # type: ignore[union-attr]
        endpoint,
    ...<3 lines>...
        force_external=_external,
    )
  File "C:\Users\Angelo Diamante\AppData\Local\Python\pythoncore-3.14-64\Lib\site-packages\werkzeug\routing\map.py", line 924, in build
    raise BuildError(endpoint, values, method, self)
werkzeug.routing.exceptions.BuildError: Could not build url for endpoint 'reception_chat'. Did you mean 'reception_cashier' instead?

2026-02-06 15:41:36.335811: CRITICAL ERROR IN INDEX: Could not build url for endpoint 'checklist_view'. Did you mean 'check_table_status' instead?
Traceback (most recent call last):
  File "F:\Sistema Almareia Mirapraia\app.py", line 1768, in index
    total_seconds = int(accumulated + current_session_seconds)
    ^^^^^^^^^^^^^^^^^^^^^^^^^^^^^^^^^^^^^^^^^^^^^^^^^^^^^^^^^^
    ...<15 lines>...
    time_tracking_overtime = _format_seconds_hms(overtime_seconds)
    
  File "C:\Users\Angelo Diamante\AppData\Local\Python\pythoncore-3.14-64\Lib\site-packages\flask\templating.py", line 150, in render_template
    return _render(app, template, context)
  File "C:\Users\Angelo Diamante\AppData\Local\Python\pythoncore-3.14-64\Lib\site-packages\flask\templating.py", line 131, in _render
    rv = template.render(context)
  File "C:\Users\Angelo Diamante\AppData\Local\Python\pythoncore-3.14-64\Lib\site-packages\jinja2\environment.py", line 1295, in render
    self.environment.handle_exception()
    ~~~~~~~~~~~~~~~~~~~~~~~~~~~~~~~~~^^
  File "C:\Users\Angelo Diamante\AppData\Local\Python\pythoncore-3.14-64\Lib\site-packages\jinja2\environment.py", line 942, in handle_exception
    raise rewrite_traceback_stack(source=source)
  File "F:\Sistema Almareia Mirapraia\templates\index.html", line 1, in top-level template code
    {% extends 'base.html' %}
  File "F:\Sistema Almareia Mirapraia\templates\base.html", line 46, in top-level template code
    <li><a href="{{ url_for('checklist_view') }}">Checklist Cozinha</a></li>
    ^
  File "C:\Users\Angelo Diamante\AppData\Local\Python\pythoncore-3.14-64\Lib\site-packages\flask\app.py", line 1121, in url_for
    return self.handle_url_build_error(error, endpoint, values)
           ~~~~~~~~~~~~~~~~~~~~~~~~~~~^^^^^^^^^^^^^^^^^^^^^^^^^
  File "C:\Users\Angelo Diamante\AppData\Local\Python\pythoncore-3.14-64\Lib\site-packages\flask\app.py", line 1110, in url_for
    rv = url_adapter.build(  # type: ignore[union-attr]
        endpoint,
    ...<3 lines>...
        force_external=_external,
    )
  File "C:\Users\Angelo Diamante\AppData\Local\Python\pythoncore-3.14-64\Lib\site-packages\werkzeug\routing\map.py", line 924, in build
    raise BuildError(endpoint, values, method, self)
werkzeug.routing.exceptions.BuildError: Could not build url for endpoint 'checklist_view'. Did you mean 'check_table_status' instead?

2026-02-06 15:41:40.080956: CRITICAL ERROR IN INDEX: Could not build url for endpoint 'checklist_view'. Did you mean 'check_table_status' instead?
Traceback (most recent call last):
  File "F:\Sistema Almareia Mirapraia\app.py", line 1768, in index
    total_seconds = int(accumulated + current_session_seconds)
    ^^^^^^^^^^^^^^^^^^^^^^^^^^^^^^^^^^^^^^^^^^^^^^^^^^^^^^^^^^
    ...<15 lines>...
    time_tracking_overtime = _format_seconds_hms(overtime_seconds)
    
  File "C:\Users\Angelo Diamante\AppData\Local\Python\pythoncore-3.14-64\Lib\site-packages\flask\templating.py", line 150, in render_template
    return _render(app, template, context)
  File "C:\Users\Angelo Diamante\AppData\Local\Python\pythoncore-3.14-64\Lib\site-packages\flask\templating.py", line 131, in _render
    rv = template.render(context)
  File "C:\Users\Angelo Diamante\AppData\Local\Python\pythoncore-3.14-64\Lib\site-packages\jinja2\environment.py", line 1295, in render
    self.environment.handle_exception()
    ~~~~~~~~~~~~~~~~~~~~~~~~~~~~~~~~~^^
  File "C:\Users\Angelo Diamante\AppData\Local\Python\pythoncore-3.14-64\Lib\site-packages\jinja2\environment.py", line 942, in handle_exception
    raise rewrite_traceback_stack(source=source)
  File "F:\Sistema Almareia Mirapraia\templates\index.html", line 1, in top-level template code
    {% extends 'base.html' %}
  File "F:\Sistema Almareia Mirapraia\templates\base.html", line 46, in top-level template code
    <li><a href="{{ url_for('checklist_view') }}">Checklist Cozinha</a></li>
    ^
  File "C:\Users\Angelo Diamante\AppData\Local\Python\pythoncore-3.14-64\Lib\site-packages\flask\app.py", line 1121, in url_for
    return self.handle_url_build_error(error, endpoint, values)
           ~~~~~~~~~~~~~~~~~~~~~~~~~~~^^^^^^^^^^^^^^^^^^^^^^^^^
  File "C:\Users\Angelo Diamante\AppData\Local\Python\pythoncore-3.14-64\Lib\site-packages\flask\app.py", line 1110, in url_for
    rv = url_adapter.build(  # type: ignore[union-attr]
        endpoint,
    ...<3 lines>...
        force_external=_external,
    )
  File "C:\Users\Angelo Diamante\AppData\Local\Python\pythoncore-3.14-64\Lib\site-packages\werkzeug\routing\map.py", line 924, in build
    raise BuildError(endpoint, values, method, self)
werkzeug.routing.exceptions.BuildError: Could not build url for endpoint 'checklist_view'. Did you mean 'check_table_status' instead?

