2026-02-03 14:46:18.541369: Enter service_page(restaurante_mirapraia)
2026-02-03 14:46:18.541805: Rendering service.html for restaurante_mirapraia, is_manager=True
2026-02-03 14:47:02.446171: Enter service_page(recepcao)
2026-02-03 14:47:13.287050: Enter service_page(financeiro)
2026-02-03 14:47:13.287344: Rendering service.html for financeiro, is_manager=True
2026-02-03 16:46:26.611382: Enter service_page(restaurante_mirapraia)
2026-02-03 16:46:26.611845: Rendering service.html for restaurante_mirapraia, is_manager=True
2026-02-03 16:50:11.112646: Enter service_page(recepcao)
2026-02-03 17:39:43.826722: Enter service_page(recepcao)
2026-02-03 17:42:09.604277: Enter service_page(recepcao)
2026-02-03 17:42:48.630148: Enter service_page(restaurante_mirapraia)
2026-02-03 17:42:48.630718: Rendering service.html for restaurante_mirapraia, is_manager=True
2026-02-03 17:43:56.936280: Enter service_page(recepcao)
2026-02-03 17:50:23.718192: Enter service_page(recepcao)
2026-02-03 17:50:36.917060: Enter service_page(recepcao)
2026-02-04 08:26:52.689644: Enter service_page(recepcao)
2026-02-04 08:30:23.062302: Enter service_page(recepcao)
2026-02-04 08:35:57.138384: Enter service_page(restaurante_mirapraia)
2026-02-04 08:35:57.138734: Rendering service.html for restaurante_mirapraia, is_manager=True
2026-02-04 08:36:14.461974: Enter service_page(recepcao)
2026-02-04 08:38:05.925817: Enter service_page(restaurante_mirapraia)
2026-02-04 08:38:05.926230: Rendering service.html for restaurante_mirapraia, is_manager=True
2026-02-04 08:39:39.528756: Enter service_page(recepcao)
2026-02-04 08:43:35.186992: Enter service_page(recepcao)
2026-02-04 08:44:13.653155: Enter service_page(financeiro)
2026-02-04 08:44:13.653504: Rendering service.html for financeiro, is_manager=True
2026-02-04 08:44:27.996531: Enter service_page(conferencias)
2026-02-04 08:44:27.996900: Rendering service.html for conferencias, is_manager=True
2026-02-04 09:08:56.904845: Enter service_page(recepcao)
2026-02-04 09:34:19.961585: Enter service_page(recepcao)
2026-02-04 10:51:53.077389: Enter service_page(recepcao)
2026-02-04 13:00:09.037237: Enter service_page(recepcao)
2026-02-04 13:24:47.823671: Enter service_page(restaurante_mirapraia)
2026-02-04 13:24:47.824022: Rendering service.html for restaurante_mirapraia, is_manager=True
2026-02-04 13:32:40.387835: Enter service_page(recepcao)
2026-02-04 13:47:39.154529: Enter service_page(recepcao)
2026-02-04 14:00:17.466536: Enter service_page(recepcao)
2026-02-04 14:07:04.623319: Enter service_page(recepcao)
2026-02-04 15:42:36.475608: Enter service_page(recepcao)
2026-02-04 16:14:33.355803: Enter service_page(recepcao)
2026-02-04 16:36:14.662942: Enter service_page(recepcao)
2026-02-04 16:52:31.712565: Enter service_page(recepcao)
2026-02-04 16:53:26.887118: Enter service_page(recepcao)
2026-02-04 17:22:54.115181: Enter service_page(recepcao)
2026-02-04 17:24:59.983029: Enter service_page(recepcao)
2026-02-04 18:30:35.979889: Enter service_page(financeiro)
2026-02-04 18:30:35.980478: Rendering service.html for financeiro, is_manager=True
2026-02-04 18:31:00.615576: Enter service_page(recepcao)
2026-02-04 19:32:00.922130: Enter service_page(recepcao)
2026-02-04 19:43:08.005569: Enter service_page(recepcao)
2026-02-04 19:44:29.485678: Enter service_page(rh)
2026-02-04 19:44:29.486080: Rendering service.html for rh, is_manager=True
2026-02-04 19:44:35.555954: Enter service_page(recepcao)
2026-02-04 19:48:57.125601: Enter service_page(recepcao)
2026-02-04 19:59:17.155319: Enter service_page(recepcao)
2026-02-04 20:10:35.331580: Enter service_page(recepcao)
2026-02-04 21:09:14.869777: Enter service_page(recepcao)
2026-02-04 21:40:42.086944: Enter service_page(recepcao)
2026-02-05 07:35:36.000187: Enter service_page(governanca)
2026-02-05 07:35:36.000663: Rendering service.html for governanca, is_manager=True
2026-02-05 07:56:41.388861: Enter service_page(governanca)
2026-02-05 07:56:41.389216: Rendering service.html for governanca, is_manager=True
2026-02-05 07:56:45.891798: Enter service_page(recepcao)
2026-02-05 08:43:37.147096: Enter service_page(financeiro)
2026-02-05 08:43:37.147619: Rendering service.html for financeiro, is_manager=True
2026-02-05 09:25:39.461335: Enter service_page(financeiro)
2026-02-05 09:25:39.461706: Rendering service.html for financeiro, is_manager=True
2026-02-05 10:26:09.227102: Enter service_page(recepcao)
2026-02-05 10:28:17.211831: Enter service_page(financeiro)
2026-02-05 10:28:17.212182: Rendering service.html for financeiro, is_manager=True
2026-02-05 10:28:49.663781: Enter service_page(recepcao)
2026-02-05 10:28:53.540480: Enter service_page(recepcao)
2026-02-05 10:29:00.993512: Enter service_page(recepcao)
2026-02-05 10:29:36.091032: Enter service_page(recepcao)
2026-02-05 11:00:41.279635: Enter service_page(restaurante_mirapraia)
2026-02-05 11:00:41.280022: Rendering service.html for restaurante_mirapraia, is_manager=True
2026-02-05 11:00:53.998094: Enter service_page(recepcao)
2026-02-05 11:05:38.557656: Enter service_page(recepcao)
2026-02-05 11:15:04.310830: Enter service_page(financeiro)
2026-02-05 11:15:04.311174: Rendering service.html for financeiro, is_manager=True
2026-02-05 11:18:18.366172: Enter service_page(financeiro)
2026-02-05 11:18:18.366666: Rendering service.html for financeiro, is_manager=True
2026-02-05 11:18:21.456935: Enter service_page(recepcao)
2026-02-05 11:20:54.029671: Enter service_page(restaurante_mirapraia)
2026-02-05 11:20:54.030042: Rendering service.html for restaurante_mirapraia, is_manager=True
2026-02-05 11:21:02.303806: Enter service_page(recepcao)
2026-02-05 11:22:34.293427: Enter service_page(restaurante_mirapraia)
2026-02-05 11:22:34.293722: Rendering service.html for restaurante_mirapraia, is_manager=True
2026-02-05 11:24:43.646656: Enter service_page(financeiro)
2026-02-05 11:24:43.647079: Rendering service.html for financeiro, is_manager=True
2026-02-05 12:05:25.117012: Enter service_page(recepcao)
2026-02-05 14:03:41.755932: Enter service_page(restaurante_mirapraia)
2026-02-05 14:03:41.756331: Rendering service.html for restaurante_mirapraia, is_manager=True
2026-02-05 14:05:21.221981: Enter service_page(restaurante_mirapraia)
2026-02-05 14:05:21.222358: Rendering service.html for restaurante_mirapraia, is_manager=True
2026-02-05 14:05:24.624191: Enter service_page(recepcao)
2026-02-05 14:11:26.428748: Enter service_page(recepcao)
2026-02-05 14:15:52.124497: Enter service_page(recepcao)
2026-02-05 14:15:56.096942: Enter service_page(financeiro)
2026-02-05 14:15:56.097278: Rendering service.html for financeiro, is_manager=True
2026-02-05 14:17:10.603935: Enter service_page(cozinha)
2026-02-05 14:17:10.604251: Rendering service.html for cozinha, is_manager=True
2026-02-05 14:17:15.517334: Enter service_page(principal)
2026-02-05 14:17:15.554921: Rendering service.html for principal, is_manager=True
2026-02-05 14:17:23.294460: Enter service_page(restaurante_mirapraia)
2026-02-05 14:17:23.294807: Rendering service.html for restaurante_mirapraia, is_manager=True
2026-02-05 14:18:18.494262: Enter service_page(recepcao)
2026-02-05 14:31:46.564147: Enter service_page(recepcao)
2026-02-05 14:32:18.082953: Enter service_page(restaurante_mirapraia)
2026-02-05 14:32:18.083287: Rendering service.html for restaurante_mirapraia, is_manager=True
2026-02-05 14:32:23.670890: Enter service_page(recepcao)
2026-02-05 15:18:23.615367: Enter service_page(restaurante_mirapraia)
2026-02-05 15:18:23.615754: Rendering service.html for restaurante_mirapraia, is_manager=True
2026-02-05 15:24:56.506620: Enter service_page(restaurante_mirapraia)
2026-02-05 15:24:56.506993: Rendering service.html for restaurante_mirapraia, is_manager=True
2026-02-05 15:25:18.230297: Enter service_page(recepcao)
2026-02-05 15:31:58.552935: Enter service_page(financeiro)
2026-02-05 15:31:58.553266: Rendering service.html for financeiro, is_manager=True
2026-02-05 15:32:37.172791: Enter service_page(recepcao)
2026-02-05 15:32:52.740538: Enter service_page(financeiro)
2026-02-05 15:32:52.740842: Rendering service.html for financeiro, is_manager=True
2026-02-05 16:05:13.323185: Enter service_page(restaurante_mirapraia)
2026-02-05 16:05:13.323532: Rendering service.html for restaurante_mirapraia, is_manager=True
2026-02-05 16:05:25.086607: Enter service_page(financeiro)
2026-02-05 16:05:25.086915: Rendering service.html for financeiro, is_manager=True
2026-02-05 16:05:38.493669: Enter service_page(restaurante_mirapraia)
2026-02-05 16:05:38.493985: Rendering service.html for restaurante_mirapraia, is_manager=True
2026-02-05 19:46:22.780113: Enter service_page(recepcao)
2026-02-05 19:53:00.395802: Enter service_page(recepcao)
2026-02-06 08:16:58.750812: Enter service_page(recepcao)
2026-02-06 08:18:53.298422: Enter service_page(restaurante_mirapraia)
2026-02-06 08:18:53.299336: Rendering service.html for restaurante_mirapraia, is_manager=True
2026-02-06 08:19:04.100079: Enter service_page(recepcao)
2026-02-06 08:21:40.566993: Enter service_page(recepcao)
2026-02-06 08:22:32.830722: Enter service_page(recepcao)
2026-02-06 08:26:01.869768: Enter service_page(recepcao)
2026-02-06 08:26:21.908881: Enter service_page(recepcao)
2026-02-06 08:29:12.391412: Enter service_page(restaurante_mirapraia)
2026-02-06 08:29:12.391790: Rendering service.html for restaurante_mirapraia, is_manager=True
2026-02-06 08:30:00.567971: Enter service_page(recepcao)
2026-02-06 08:38:25.802626: Enter service_page(recepcao)
2026-02-06 08:54:10.295361: Enter service_page(restaurante_mirapraia)
2026-02-06 08:54:10.295756: Rendering service.html for restaurante_mirapraia, is_manager=True
2026-02-06 08:54:14.827159: Enter service_page(recepcao)
2026-02-06 08:54:55.762469: Enter service_page(recepcao)
2026-02-06 08:55:27.049348: Enter service_page(recepcao)
2026-02-06 08:56:50.170853: Enter service_page(recepcao)
2026-02-06 08:59:45.318379: Enter service_page(restaurante_mirapraia)
2026-02-06 08:59:45.318807: Rendering service.html for restaurante_mirapraia, is_manager=True
2026-02-06 09:00:15.916767: Enter service_page(restaurante_mirapraia)
2026-02-06 09:00:15.917095: Rendering service.html for restaurante_mirapraia, is_manager=True
2026-02-06 09:19:27.803813: Enter service_page(restaurante_mirapraia)
2026-02-06 09:19:27.804147: Rendering service.html for restaurante_mirapraia, is_manager=True
2026-02-06 10:51:56.376783: Enter service_page(restaurante_mirapraia)
2026-02-06 10:51:56.377163: Rendering service.html for restaurante_mirapraia, is_manager=True
2026-02-06 11:56:04.903626: Enter service_page(restaurante_mirapraia)
2026-02-06 11:56:04.904110: Rendering service.html for restaurante_mirapraia, is_manager=True
2026-02-06 12:43:53.416302: Enter service_page(recepcao)
2026-02-06 12:46:22.225781: Enter service_page(restaurante_mirapraia)
2026-02-06 12:46:22.226172: Rendering service.html for restaurante_mirapraia, is_manager=True
2026-02-06 12:55:24.599892: Enter service_page(financeiro)
2026-02-06 12:55:24.600306: Rendering service.html for financeiro, is_manager=True
2026-02-06 13:04:17.872657: Enter service_page(recepcao)
2026-02-06 13:04:49.623730: Enter service_page(principal)
2026-02-06 13:04:49.661898: Rendering service.html for principal, is_manager=True
2026-02-06 13:04:51.716416: Enter service_page(restaurante_mirapraia)
2026-02-06 13:04:51.716718: Rendering service.html for restaurante_mirapraia, is_manager=True
2026-02-06 13:05:04.781615: Enter service_page(recepcao)
2026-02-06 13:07:08.726371: Enter service_page(restaurante_mirapraia)
2026-02-06 13:07:08.726759: Rendering service.html for restaurante_mirapraia, is_manager=True
2026-02-06 13:07:11.796315: Enter service_page(recepcao)
2026-02-06 13:24:36.376986: Enter service_page(restaurante_mirapraia)
2026-02-06 13:24:36.377417: Rendering service.html for restaurante_mirapraia, is_manager=True
2026-02-06 14:11:13.931254: Enter service_page(restaurante_mirapraia)
2026-02-06 14:11:13.931799: Rendering service.html for restaurante_mirapraia, is_manager=True
2026-02-06 14:48:41.423574: Enter service_page(recepcao)
2026-02-06 14:57:22.769399: Enter service_page(recepcao)
2026-02-06 15:43:40.448905: Enter service_page(cozinha)
2026-02-06 15:43:40.449330: Rendering service.html for cozinha, is_manager=True
2026-02-06 15:46:49.618942: Enter service_page(cozinha)
2026-02-06 15:46:49.619372: Rendering service.html for cozinha, is_manager=True
2026-02-06 15:52:16.988620: Enter service_page(cozinha)
2026-02-06 15:52:16.989072: Rendering service.html for cozinha, is_manager=True
2026-02-06 16:05:26.434329: Enter service_page(cozinha)
2026-02-06 16:05:26.434653: Rendering service.html for cozinha, is_manager=True
2026-02-06 16:23:49.882502: Enter service_page(recepcao)
2026-02-06 17:14:34.470491: Enter service_page(principal)
2026-02-06 17:14:34.508655: Rendering service.html for principal, is_manager=True
2026-02-06 17:14:37.726394: Enter service_page(restaurante_mirapraia)
2026-02-06 17:14:37.726777: Rendering service.html for restaurante_mirapraia, is_manager=True
2026-02-06 17:14:47.375488: Enter service_page(recepcao)
2026-02-06 17:15:22.037706: Enter service_page(cozinha)
2026-02-06 17:15:22.038075: Rendering service.html for cozinha, is_manager=True
2026-02-06 17:15:39.057839: Enter service_page(principal)
2026-02-06 17:15:39.099612: Rendering service.html for principal, is_manager=True
2026-02-06 17:15:54.436100: Enter service_page(restaurante_mirapraia)
2026-02-06 17:15:54.436440: Rendering service.html for restaurante_mirapraia, is_manager=True
2026-02-06 17:16:12.203336: Enter service_page(restaurante_mirapraia)
2026-02-06 17:16:12.203689: Rendering service.html for restaurante_mirapraia, is_manager=True
2026-02-06 17:16:14.756750: Enter service_page(governanca)
2026-02-06 17:16:14.757060: Rendering service.html for governanca, is_manager=True
2026-02-06 17:16:27.616406: Enter service_page(conferencias)
2026-02-06 17:16:27.616767: Rendering service.html for conferencias, is_manager=True
2026-02-06 17:16:40.526697: Enter service_page(financeiro)
2026-02-06 17:16:40.527023: Rendering service.html for financeiro, is_manager=True
2026-02-06 17:16:54.392475: Enter service_page(rh)
2026-02-06 17:16:54.392809: Rendering service.html for rh, is_manager=True
2026-02-06 17:24:54.640295: Enter service_page(cozinha)
2026-02-06 17:24:54.640675: Rendering service.html for cozinha, is_manager=True
2026-02-06 17:25:20.187921: Enter service_page(principal)
2026-02-06 17:25:20.234562: Rendering service.html for principal, is_manager=True
2026-02-06 17:25:54.069390: Enter service_page(restaurante_mirapraia)
2026-02-06 17:25:54.069722: Rendering service.html for restaurante_mirapraia, is_manager=True
2026-02-06 17:25:57.473354: Enter service_page(recepcao)
2026-02-06 17:32:41.239877: Enter service_page(cozinha)
2026-02-06 17:32:41.240251: Rendering service.html for cozinha, is_manager=True
2026-02-06 17:32:59.243708: Enter service_page(principal)
2026-02-06 17:32:59.288159: Rendering service.html for principal, is_manager=True
2026-02-06 20:07:25.139774: Enter service_page(recepcao)
2026-02-06 22:17:38.746627: Enter service_page(financeiro)
2026-02-06 22:17:38.747106: Rendering service.html for financeiro, is_manager=True
2026-02-06 23:05:05.709623: Enter service_page(financeiro)
2026-02-06 23:05:05.710119: Rendering service.html for financeiro, is_manager=True
2026-02-06 23:05:11.632850: Enter service_page(restaurante_mirapraia)
2026-02-06 23:05:11.633122: Rendering service.html for restaurante_mirapraia, is_manager=True
2026-02-06 23:05:31.028141: Enter service_page(financeiro)
2026-02-06 23:05:31.028494: Rendering service.html for financeiro, is_manager=True
2026-02-06 23:05:35.743493: Enter service_page(restaurante_mirapraia)
2026-02-06 23:05:35.743856: Rendering service.html for restaurante_mirapraia, is_manager=True
2026-02-07 00:37:45.383262: Enter service_page(financeiro)
2026-02-07 00:37:45.383541: Rendering service.html for financeiro, is_manager=True
2026-02-07 00:51:06.166753: Enter service_page(restaurante_mirapraia)
2026-02-07 00:51:06.166993: Rendering service.html for restaurante_mirapraia, is_manager=True
2026-02-07 00:51:48.103589: Enter service_page(recepcao)
2026-02-07 00:52:02.939601: Enter service_page(principal)
2026-02-07 00:52:02.978734: Rendering service.html for principal, is_manager=True
2026-02-07 00:52:17.237296: Enter service_page(cozinha)
2026-02-07 00:52:17.237492: Rendering service.html for cozinha, is_manager=True
2026-02-07 00:52:23.401387: Enter service_page(governanca)
2026-02-07 00:52:23.401582: Rendering service.html for governanca, is_manager=True
2026-02-07 07:58:39.240778: Enter service_page(restaurante_mirapraia)
2026-02-07 07:58:39.240946: Rendering service.html for restaurante_mirapraia, is_manager=True
2026-02-07 07:58:48.056688: Enter service_page(restaurante_mirapraia)
2026-02-07 07:58:48.056860: Rendering service.html for restaurante_mirapraia, is_manager=True
2026-02-07 08:08:04.379142: Enter service_page(restaurante_mirapraia)
2026-02-07 08:08:04.379311: Rendering service.html for restaurante_mirapraia, is_manager=True
2026-02-07 08:10:23.835702: Enter service_page(restaurante_mirapraia)
2026-02-07 08:10:23.835877: Rendering service.html for restaurante_mirapraia, is_manager=True
2026-02-07 08:11:55.134050: Enter service_page(restaurante_mirapraia)
2026-02-07 08:11:55.134257: Rendering service.html for restaurante_mirapraia, is_manager=True
2026-02-07 08:18:54.601155: Enter service_page(recepcao)
2026-02-07 08:20:41.089879: Enter service_page(restaurante_mirapraia)
2026-02-07 08:20:41.090062: Rendering service.html for restaurante_mirapraia, is_manager=True
2026-02-07 08:25:12.800057: Enter service_page(governanca)
2026-02-07 08:25:12.800228: Rendering service.html for governanca, is_manager=True
2026-02-07 08:29:10.909268: Enter service_page(governanca)
2026-02-07 08:29:10.909437: Rendering service.html for governanca, is_manager=True
2026-02-07 08:39:13.905380: Enter service_page(restaurante_mirapraia)
2026-02-07 08:39:13.905556: Rendering service.html for restaurante_mirapraia, is_manager=True
2026-02-07 08:40:25.512604: Enter service_page(governanca)
2026-02-07 08:40:25.512772: Rendering service.html for governanca, is_manager=True
2026-02-07 08:42:22.635806: Enter service_page(governanca)
2026-02-07 08:42:22.635975: Rendering service.html for governanca, is_manager=True
2026-02-07 08:42:28.968200: Enter service_page(governanca)
2026-02-07 08:42:28.968363: Rendering service.html for governanca, is_manager=True
2026-02-07 08:53:13.140191: Enter service_page(restaurante_mirapraia)
2026-02-07 08:53:13.140400: Rendering service.html for restaurante_mirapraia, is_manager=True
2026-02-07 08:57:37.159450: Enter service_page(restaurante_mirapraia)
2026-02-07 08:57:37.159645: Rendering service.html for restaurante_mirapraia, is_manager=True
2026-02-07 08:58:23.148048: Enter service_page(governanca)
2026-02-07 08:58:23.148244: Rendering service.html for governanca, is_manager=True
2026-02-07 09:38:53.074391: Enter service_page(governanca)
2026-02-07 09:38:53.074777: Rendering service.html for governanca, is_manager=True
2026-02-07 10:03:37.183240: Enter service_page(recepcao)
2026-02-07 11:08:04.516266: Enter service_page(governanca)
2026-02-07 11:08:04.516642: Rendering service.html for governanca, is_manager=True
2026-02-07 11:08:34.161911: Enter service_page(recepcao)
2026-02-07 11:12:59.489483: Enter service_page(governanca)
2026-02-07 11:12:59.489827: Rendering service.html for governanca, is_manager=True
2026-02-07 11:22:43.537618: Enter service_page(recepcao)
2026-02-07 12:09:57.288808: Enter service_page(recepcao)
2026-02-07 13:26:31.890577: Enter service_page(restaurante_mirapraia)
2026-02-07 13:26:31.891082: Rendering service.html for restaurante_mirapraia, is_manager=True
2026-02-07 13:47:19.597819: Enter service_page(principal)
2026-02-07 13:47:19.689475: Rendering service.html for principal, is_manager=True
2026-02-07 13:54:27.161184: Enter service_page(restaurante_mirapraia)
2026-02-07 13:54:27.161521: Rendering service.html for restaurante_mirapraia, is_manager=True
2026-02-07 14:00:53.080893: Enter service_page(principal)
2026-02-07 14:00:53.117407: Rendering service.html for principal, is_manager=True
2026-02-07 14:03:49.730409: Enter service_page(restaurante_mirapraia)
2026-02-07 14:03:49.730708: Rendering service.html for restaurante_mirapraia, is_manager=True
2026-02-07 14:04:21.371304: Enter service_page(principal)
2026-02-07 14:04:21.407255: Rendering service.html for principal, is_manager=True
2026-02-07 14:04:27.403695: Enter service_page(recepcao)
2026-02-07 14:06:24.623219: Enter service_page(cozinha)
2026-02-07 14:06:24.623534: Rendering service.html for cozinha, is_manager=True
2026-02-07 14:06:39.336013: Enter service_page(principal)
2026-02-07 14:06:39.373549: Rendering service.html for principal, is_manager=True
2026-02-07 14:06:44.192115: Enter service_page(principal)
2026-02-07 14:06:44.230764: Rendering service.html for principal, is_manager=True
2026-02-07 14:06:50.654080: Enter service_page(principal)
2026-02-07 14:06:50.694933: Rendering service.html for principal, is_manager=True
2026-02-07 14:06:55.343872: Enter service_page(principal)
2026-02-07 14:06:55.383797: Rendering service.html for principal, is_manager=True
2026-02-07 14:09:38.635464: Enter service_page(restaurante_mirapraia)
2026-02-07 14:09:38.635820: Rendering service.html for restaurante_mirapraia, is_manager=True
2026-02-07 14:10:47.268605: Enter service_page(restaurante_mirapraia)
2026-02-07 14:10:47.269005: Rendering service.html for restaurante_mirapraia, is_manager=True
2026-02-07 14:11:24.452310: Enter service_page(recepcao)
2026-02-07 14:12:36.387034: Enter service_page(governanca)
2026-02-07 14:12:36.387500: Rendering service.html for governanca, is_manager=True
2026-02-07 14:12:50.437944: Enter service_page(conferencias)
2026-02-07 14:12:50.438263: Rendering service.html for conferencias, is_manager=True
2026-02-07 14:12:56.909978: Enter service_page(financeiro)
2026-02-07 14:12:56.910248: Rendering service.html for financeiro, is_manager=True
2026-02-07 14:14:13.971259: Enter service_page(rh)
2026-02-07 14:14:13.971629: Rendering service.html for rh, is_manager=True
2026-02-07 14:15:22.339351: Enter service_page(recepcao)
2026-02-07 14:15:56.654117: Enter service_page(restaurante_mirapraia)
2026-02-07 14:15:56.654551: Rendering service.html for restaurante_mirapraia, is_manager=True
2026-02-07 14:17:14.662520: Enter service_page(principal)
2026-02-07 14:17:14.720668: Rendering service.html for principal, is_manager=True
2026-02-07 14:17:19.277398: Enter service_page(principal)
2026-02-07 14:17:19.324986: Rendering service.html for principal, is_manager=True
2026-02-07 14:27:57.975102: Enter service_page(principal)
2026-02-07 14:27:58.019522: Rendering service.html for principal, is_manager=True
2026-02-07 14:28:00.903530: Enter service_page(restaurante_mirapraia)
2026-02-07 14:28:00.903821: Rendering service.html for restaurante_mirapraia, is_manager=True
2026-02-07 14:39:53.890638: Enter service_page(restaurante_mirapraia)
2026-02-07 14:39:53.891051: Rendering service.html for restaurante_mirapraia, is_manager=True
2026-02-07 14:41:53.972565: Enter service_page(recepcao)
2026-02-07 14:51:53.465441: Enter service_page(recepcao)
2026-02-07 14:52:19.750901: Enter service_page(restaurante_mirapraia)
2026-02-07 14:52:19.751226: Rendering service.html for restaurante_mirapraia, is_manager=True
2026-02-07 14:54:56.859992: Enter service_page(recepcao)
2026-02-07 14:56:43.828803: Enter service_page(restaurante_mirapraia)
2026-02-07 14:56:43.829112: Rendering service.html for restaurante_mirapraia, is_manager=True
2026-02-07 15:07:13.858145: Enter service_page(restaurante_mirapraia)
2026-02-07 15:07:13.858519: Rendering service.html for restaurante_mirapraia, is_manager=True
2026-02-07 15:07:22.484110: Enter service_page(restaurante_mirapraia)
2026-02-07 15:07:22.484468: Rendering service.html for restaurante_mirapraia, is_manager=True
2026-02-07 15:07:26.615287: Enter service_page(recepcao)
2026-02-07 15:14:59.912682: Enter service_page(principal)
2026-02-07 15:14:59.955456: Rendering service.html for principal, is_manager=True
2026-02-07 15:15:02.549162: Enter service_page(restaurante_mirapraia)
2026-02-07 15:15:02.549521: Rendering service.html for restaurante_mirapraia, is_manager=True
2026-02-07 16:05:39.352888: Enter service_page(restaurante_mirapraia)
2026-02-07 16:05:39.353270: Rendering service.html for restaurante_mirapraia, is_manager=True
2026-02-07 16:06:24.823258: Enter service_page(recepcao)
2026-02-07 17:21:22.883717: Enter service_page(restaurante_mirapraia)
2026-02-07 17:21:22.884091: Rendering service.html for restaurante_mirapraia, is_manager=True
2026-02-07 17:42:25.754583: Enter service_page(restaurante_mirapraia)
2026-02-07 17:42:25.754920: Rendering service.html for restaurante_mirapraia, is_manager=True
2026-02-07 18:17:52.723897: Enter service_page(restaurante_mirapraia)
2026-02-07 18:17:52.724334: Rendering service.html for restaurante_mirapraia, is_manager=True
2026-02-07 21:14:59.416044: Enter service_page(recepcao)
2026-02-07 21:15:31.537231: Enter service_page(restaurante_mirapraia)
2026-02-07 21:15:31.537683: Rendering service.html for restaurante_mirapraia, is_manager=True
2026-02-07 21:32:05.893317: Enter service_page(restaurante_mirapraia)
2026-02-07 21:32:05.893742: Rendering service.html for restaurante_mirapraia, is_manager=True
2026-02-07 21:34:47.740400: Enter service_page(restaurante_mirapraia)
2026-02-07 21:34:47.740756: Rendering service.html for restaurante_mirapraia, is_manager=True
2026-02-07 21:38:42.202751: Enter service_page(restaurante_mirapraia)
2026-02-07 21:38:42.203109: Rendering service.html for restaurante_mirapraia, is_manager=True
2026-02-08 09:02:17.492553: Enter service_page(recepcao)
2026-02-08 09:02:47.607698: Enter service_page(restaurante_mirapraia)
2026-02-08 09:02:47.608021: Rendering service.html for restaurante_mirapraia, is_manager=True
2026-02-08 09:04:06.376005: Enter service_page(recepcao)
2026-02-08 09:04:26.500259: Enter service_page(restaurante_mirapraia)
2026-02-08 09:04:26.500565: Rendering service.html for restaurante_mirapraia, is_manager=True
2026-02-08 09:04:29.913977: Enter service_page(recepcao)
2026-02-08 09:22:09.255414: Enter service_page(recepcao)
2026-02-08 09:36:38.562396: Enter service_page(recepcao)
2026-02-08 09:36:56.546161: Enter service_page(restaurante_mirapraia)
2026-02-08 09:36:56.546523: Rendering service.html for restaurante_mirapraia, is_manager=True
2026-02-08 09:50:12.554930: Enter service_page(recepcao)
2026-02-08 09:50:40.316022: Enter service_page(restaurante_mirapraia)
2026-02-08 09:50:40.316447: Rendering service.html for restaurante_mirapraia, is_manager=True
2026-02-08 09:52:26.665303: Enter service_page(recepcao)
2026-02-08 12:22:21.368086: Enter service_page(restaurante_mirapraia)
2026-02-08 12:22:21.368561: Rendering service.html for restaurante_mirapraia, is_manager=True
2026-02-08 12:36:48.585466: Enter service_page(restaurante_mirapraia)
2026-02-08 12:36:48.585805: Rendering service.html for restaurante_mirapraia, is_manager=True
2026-02-08 12:36:51.870359: Enter service_page(restaurante_mirapraia)
2026-02-08 12:36:51.870715: Rendering service.html for restaurante_mirapraia, is_manager=True
2026-02-08 16:25:25.859916: Enter service_page(restaurante_mirapraia)
2026-02-08 16:25:25.861021: Rendering service.html for restaurante_mirapraia, is_manager=True
2026-02-08 19:56:18.799179: Enter service_page(financeiro)
2026-02-08 19:56:18.799481: Rendering service.html for financeiro, is_manager=True
2026-02-08 19:57:05.169632: Enter service_page(restaurante_mirapraia)
2026-02-08 19:57:05.169851: Rendering service.html for restaurante_mirapraia, is_manager=True
2026-02-08 19:59:42.267444: Enter service_page(recepcao)
2026-02-08 19:59:50.737751: Enter service_page(restaurante_mirapraia)
2026-02-08 19:59:50.737944: Rendering service.html for restaurante_mirapraia, is_manager=True
