2026-02-08 12:40:37,790 - INFO - Starting Deployment to Production...
2026-02-08 12:40:37,790 - INFO - Stopping other Python processes (Current PID: 54160)...
2026-02-08 12:41:31,411 - INFO - Starting Deployment to Production...
2026-02-08 12:41:31,411 - INFO - Creating backup at G:\Almareia Mirapraia Sistema Producao\backups\backup_20260208_124131...
2026-02-08 12:41:39,596 - INFO - Copying updates...
2026-02-08 12:41:54,043 - INFO - Copied 10453 files.
2026-02-08 12:41:54,043 - INFO - Validating JSON integrity in Production...
2026-02-08 12:41:54,107 - INFO - Starting Production Server using G:\Almareia Mirapraia Sistema Producao\.venv\Scripts\python.exe...
2026-02-08 12:41:54,111 - INFO - Testing functionality (Health Check)...
2026-02-08 12:41:59,170 - INFO - Server responded with 200 OK.
2026-02-08 12:41:59,170 - INFO - DEPLOYMENT SUCCESSFUL!
2026-02-08 12:52:13,448 - INFO - Starting Deployment to Production...
2026-02-08 12:52:13,448 - INFO - Creating backup at G:\Almareia Mirapraia Sistema Producao\backups\backup_20260208_125213...
2026-02-08 12:52:28,676 - INFO - Copying updates...
2026-02-08 12:52:32,793 - INFO - Copied 10444 files.
2026-02-08 12:52:32,793 - INFO - Validating JSON integrity in Production...
2026-02-08 12:52:32,961 - INFO - Starting Production Server using G:\Almareia Mirapraia Sistema Producao\.venv\Scripts\python.exe...
2026-02-08 12:52:32,963 - INFO - Testing functionality (Health Check)...
2026-02-08 12:54:00,450 - INFO - Starting Deployment to Production...
2026-02-08 12:54:00,451 - INFO - Creating backup at G:\Almareia Mirapraia Sistema Producao\backups\backup_20260208_125400...
2026-02-08 12:54:13,520 - INFO - Copying updates...
2026-02-08 12:54:18,680 - INFO - Copied 10444 files.
2026-02-08 12:54:18,680 - INFO - Validating JSON integrity in Production...
2026-02-08 12:54:18,737 - INFO - Starting Production Server using G:\Almareia Mirapraia Sistema Producao\.venv\Scripts\python.exe...
2026-02-08 12:54:18,738 - INFO - Testing functionality (Health Check)...
2026-02-08 12:55:48,994 - ERROR - Server did not respond.
2026-02-08 12:55:48,994 - ERROR - DEPLOYMENT FAILED: Functional Test Failed
2026-02-08 12:55:48,995 - WARNING - Restoring from backup...
2026-02-08 12:56:01,424 - INFO - Starting Deployment to Production...
2026-02-08 12:56:01,424 - INFO - Creating backup at G:\Almareia Mirapraia Sistema Producao\backups\backup_20260208_125601...
2026-02-08 12:59:27,431 - INFO - Starting Deployment to Production...
2026-02-08 12:59:27,431 - INFO - Creating backup at G:\Almareia Mirapraia Sistema Producao\backups\backup_20260208_125927...
2026-02-08 12:59:40,267 - INFO - Copying updates...
2026-02-08 12:59:44,168 - INFO - Copied 10444 files.
2026-02-08 12:59:44,169 - INFO - Validating JSON integrity in Production...
2026-02-08 12:59:44,224 - INFO - Starting Production Server using G:\Almareia Mirapraia Sistema Producao\.venv\Scripts\python.exe...
2026-02-08 12:59:44,329 - INFO - Testing functionality (Health Check)...
2026-02-08 13:02:44,870 - ERROR - Server Startup Log (Last 1000 chars):
mareia Mirapraia Sistema Producao\app.py", line 1, in <module>
    from flask import Flask, render_template, request, redirect, url_for, session, flash, jsonify, send_file, send_from_directory, Response
  File "G:\Almareia Mirapraia Sistema Producao\.venv\Lib\site-packages\flask\__init__.py", line 6, in <module>
    from .app import Flask as Flask
  File "G:\Almareia Mirapraia Sistema Producao\.venv\Lib\site-packages\flask\app.py", line 29, in <module>
    from . import cli
  File "G:\Almareia Mirapraia Sistema Producao\.venv\Lib\site-packages\flask\cli.py", line 24, in <module>
    from .helpers import get_debug_flag
  File "G:\Almareia Mirapraia Sistema Producao\.venv\Lib\site-packages\flask\helpers.py", line 22, in <module>
    from .signals import message_flashed
  File "G:\Almareia Mirapraia Sistema Producao\.venv\Lib\site-packages\flask\signals.py", line 3, in <module>
    from blinker import Namespace
ImportError: cannot import name 'Namespace' from 'blinker' (unknown location)

2026-02-08 13:02:44,871 - ERROR - DEPLOYMENT FAILED: Functional Test Failed
2026-02-08 13:02:44,871 - WARNING - Restoring from backup...
2026-02-08 13:02:50,431 - INFO - Starting Deployment to Production...
2026-02-08 13:02:50,432 - INFO - Creating backup at G:\Almareia Mirapraia Sistema Producao\backups\backup_20260208_130250...
2026-02-08 13:03:42,887 - INFO - Copying updates...
2026-02-08 13:03:46,767 - INFO - Copied 10444 files.
2026-02-08 13:03:46,768 - INFO - Validating JSON integrity in Production...
2026-02-08 13:03:46,822 - INFO - Starting Production Server using G:\Almareia Mirapraia Sistema Producao\.venv\Scripts\python.exe...
2026-02-08 13:03:46,824 - INFO - Testing functionality (Health Check)...
2026-02-08 13:06:47,376 - ERROR - Server Startup Log (Last 1000 chars):
Traceback (most recent call last):
  File "G:\Almareia Mirapraia Sistema Producao\app.py", line 1, in <module>
    from flask import Flask, render_template, request, redirect, url_for, session, flash, jsonify, send_file, send_from_directory, Response
ImportError: cannot import name 'Flask' from 'flask' (unknown location)

2026-02-08 13:06:47,377 - ERROR - DEPLOYMENT FAILED: Functional Test Failed
2026-02-08 13:06:47,377 - WARNING - Restoring from backup...
2026-02-08 13:07:21,341 - INFO - Rolled back to previous version.
2026-02-08 13:07:21,341 - INFO - Starting Production Server using G:\Almareia Mirapraia Sistema Producao\.venv\Scripts\python.exe...
2026-02-08 13:08:47,367 - INFO - Starting Deployment to Production...
2026-02-08 13:08:47,367 - INFO - Creating backup at G:\Almareia Mirapraia Sistema Producao\backups\backup_20260208_130847...
2026-02-08 13:08:54,394 - INFO - Copying updates...
2026-02-08 13:08:58,019 - INFO - Copied 10445 files.
2026-02-08 13:08:58,020 - INFO - Validating JSON integrity in Production...
2026-02-08 13:08:58,074 - INFO - Starting Production Server using G:\Almareia Mirapraia Sistema Producao\.venv\Scripts\python.exe...
2026-02-08 13:08:58,076 - INFO - Testing functionality (Health Check)...
2026-02-08 13:10:59,417 - INFO - Starting Deployment to Production...
2026-02-08 13:10:59,417 - INFO - Creating backup at G:\Almareia Mirapraia Sistema Producao\backups\backup_20260208_131059...
2026-02-08 13:11:09,871 - INFO - Copying updates...
2026-02-08 13:11:13,756 - INFO - Copied 10445 files.
2026-02-08 13:11:13,756 - INFO - Validating JSON integrity in Production...
2026-02-08 13:11:13,811 - INFO - Starting Production Server using G:\Almareia Mirapraia Sistema Producao\.venv\Scripts\python.exe...
2026-02-08 13:11:13,813 - INFO - Testing functionality (Health Check)...
2026-02-08 13:12:00,415 - INFO - Starting Deployment to Production...
2026-02-08 13:12:00,416 - INFO - Creating backup at G:\Almareia Mirapraia Sistema Producao\backups\backup_20260208_131200...
2026-02-08 13:12:11,414 - INFO - Copying updates...
2026-02-08 13:12:15,733 - INFO - Copied 10445 files.
2026-02-08 13:12:15,733 - INFO - Validating JSON integrity in Production...
2026-02-08 13:12:15,787 - INFO - Starting Production Server using G:\Almareia Mirapraia Sistema Producao\.venv\Scripts\python.exe...
2026-02-08 13:12:15,789 - INFO - Testing functionality (Health Check)...
2026-02-08 13:14:33,440 - INFO - Starting Deployment to Production...
2026-02-08 13:14:33,440 - INFO - Creating backup at G:\Almareia Mirapraia Sistema Producao\backups\backup_20260208_131433...
2026-02-08 13:14:44,925 - INFO - Copying updates...
2026-02-08 13:14:48,998 - INFO - Copied 10445 files.
2026-02-08 13:14:48,998 - INFO - Validating JSON integrity in Production...
2026-02-08 13:14:49,054 - INFO - Starting Production Server using G:\Almareia Mirapraia Sistema Producao\.venv\Scripts\python.exe...
2026-02-08 13:14:49,056 - INFO - Testing functionality (Health Check)...
2026-02-08 13:14:53,602 - INFO - Server responded with 200 OK.
2026-02-08 13:14:53,602 - INFO - DEPLOYMENT SUCCESSFUL!
